Using pre-set license
Built from '2020.3/staging' branch; Version is '2020.3.9f1 (108be757e447) revision 1084391'; Using compiler version '192528614'; Build Type 'Release'
OS: 'Windows 10 Home; OS build 22000.613; Version 2009; 64bit' Language: 'en' Physical Memory: 16173 MB
BatchMode: 1, IsHumanControllingUs: 0, StartBugReporterOnCrash: 0, Is64bit: 1, IsPro: 0

 COMMAND LINE ARGUMENTS:
D:\2020.3.9f1\Editor\Unity.exe
-adb2
-batchMode
-noUpm
-name
AssetImportWorker0
-projectPath
C:/Users/noluw/Downloads/SFG Submission/Queens-Gambit---Platformer-main/Queens-Gambit---Platformer-main
-logFile
Logs/AssetImportWorker0.log
-srvPort
62518
Successfully changed project path to: C:/Users/noluw/Downloads/SFG Submission/Queens-Gambit---Platformer-main/Queens-Gambit---Platformer-main
C:/Users/noluw/Downloads/SFG Submission/Queens-Gambit---Platformer-main/Queens-Gambit---Platformer-main
Using Asset Import Pipeline V2.
Refreshing native plugins compatible for Editor in 47.10 ms, found 1 plugins.
Preloading 0 native plugins for Editor in 0.00 ms.
Initialize engine version: 2020.3.9f1 (108be757e447)
[Subsystems] Discovering subsystems at path D:/2020.3.9f1/Editor/Data/Resources/UnitySubsystems
[Subsystems] Discovering subsystems at path C:/Users/noluw/Downloads/SFG Submission/Queens-Gambit---Platformer-main/Queens-Gambit---Platformer-main/Assets
GfxDevice: creating device client; threaded=0
Direct3D:
    Version:  Direct3D 11.0 [level 11.1]
    Renderer: NVIDIA GeForce RTX 2060 (ID=0x1f15)
    Vendor:   
    VRAM:     5980 MB
    Driver:   30.0.15.1215
Initialize mono
Mono path[0] = 'D:/2020.3.9f1/Editor/Data/Managed'
Mono path[1] = 'D:/2020.3.9f1/Editor/Data/MonoBleedingEdge/lib/mono/unityjit'
Mono config path = 'D:/2020.3.9f1/Editor/Data/MonoBleedingEdge/etc'
Using monoOptions --debugger-agent=transport=dt_socket,embedding=1,server=y,suspend=n,address=127.0.0.1:56908
Begin MonoManager ReloadAssembly
Registering precompiled unity dll's ...
Register platform support module: D:/2020.3.9f1/Editor/Data/PlaybackEngines/WindowsStandaloneSupport/UnityEditor.WindowsStandalone.Extensions.dll
Registered in 0.000623 seconds.
Native extension for WindowsStandalone target not found
Refreshing native plugins compatible for Editor in 44.73 ms, found 1 plugins.
Preloading 0 native plugins for Editor in 0.00 ms.
Mono: successfully reloaded assembly
- Completed reload, in  0.724 seconds
Platform modules already initialized, skipping
Registering precompiled user dll's ...
Registered in 0.000870 seconds.
Begin MonoManager ReloadAssembly
Native extension for WindowsStandalone target not found
Refreshing native plugins compatible for Editor in 49.03 ms, found 1 plugins.
Preloading 0 native plugins for Editor in 0.00 ms.
Mono: successfully reloaded assembly
- Completed reload, in  0.920 seconds
Platform modules already initialized, skipping
========================================================================
Worker process is ready to serve import requests
Launched and connected shader compiler UnityShaderCompiler.exe after 0.04 seconds
Refreshing native plugins compatible for Editor in 0.43 ms, found 1 plugins.
Preloading 0 native plugins for Editor in 0.00 ms.
Unloading 2355 Unused Serialized files (Serialized files now loaded: 0)
System memory in use before: 106.6 MB.
System memory in use after: 106.8 MB.

Unloading 22 unused Assets to reduce memory usage. Loaded Objects now: 2807.
Total: 1.990200 ms (FindLiveObjects: 0.225900 ms CreateObjectMapping: 0.113600 ms MarkObjects: 1.583500 ms  DeleteObjects: 0.066200 ms)

========================================================================
Received Import Request.
  path: Assets/Scenes/Level 1.unity
  artifactKey: Guid(d3fed75d0346ca449afde3dafc8a663c) Importer(815301076,1909f56bfc062723c751e8b465ee728b)
Start importing Assets/Scenes/Level 1.unity using Guid(d3fed75d0346ca449afde3dafc8a663c) Importer(815301076,1909f56bfc062723c751e8b465ee728b)  -> (artifact id: 'b37b4b9e19054660db5eb20b39739241') in 0.018134 seconds
  Import took 0.022148 seconds .

========================================================================
Received Import Request.
  Time since last request: 5.602859 seconds.
  path: Assets/Scenes/Level 2.unity
  artifactKey: Guid(f0a0b105896f4e541ae8fab5cbc3428a) Importer(815301076,1909f56bfc062723c751e8b465ee728b)
Start importing Assets/Scenes/Level 2.unity using Guid(f0a0b105896f4e541ae8fab5cbc3428a) Importer(815301076,1909f56bfc062723c751e8b465ee728b)  -> (artifact id: 'c952fefa69946d0e81dd7e23ed06e3f5') in 0.006847 seconds
  Import took 0.010260 seconds .

========================================================================
Received Prepare
Registering precompiled user dll's ...
Registered in 0.001008 seconds.
Begin MonoManager ReloadAssembly
Native extension for WindowsStandalone target not found
Refreshing native plugins compatible for Editor in 0.44 ms, found 1 plugins.
Preloading 0 native plugins for Editor in 0.00 ms.
Mono: successfully reloaded assembly
- Completed reload, in  0.794 seconds
Platform modules already initialized, skipping
Refreshing native plugins compatible for Editor in 0.45 ms, found 1 plugins.
Preloading 0 native plugins for Editor in 0.00 ms.
Unloading 2330 Unused Serialized files (Serialized files now loaded: 0)
System memory in use before: 104.9 MB.
System memory in use after: 105.1 MB.

Unloading 8 unused Assets to reduce memory usage. Loaded Objects now: 2811.
Total: 2.081600 ms (FindLiveObjects: 0.214800 ms CreateObjectMapping: 0.107300 ms MarkObjects: 1.744700 ms  DeleteObjects: 0.013800 ms)

========================================================================
Received Prepare
Registering precompiled user dll's ...
Registered in 0.000771 seconds.
Begin MonoManager ReloadAssembly
Native extension for WindowsStandalone target not found
Refreshing native plugins compatible for Editor in 0.46 ms, found 1 plugins.
Preloading 0 native plugins for Editor in 0.00 ms.
Mono: successfully reloaded assembly
- Completed reload, in  0.780 seconds
Platform modules already initialized, skipping
Refreshing native plugins compatible for Editor in 0.46 ms, found 1 plugins.
Preloading 0 native plugins for Editor in 0.00 ms.
Unloading 2330 Unused Serialized files (Serialized files now loaded: 0)
System memory in use before: 104.9 MB.
System memory in use after: 105.1 MB.

Unloading 8 unused Assets to reduce memory usage. Loaded Objects now: 2815.
Total: 2.100400 ms (FindLiveObjects: 0.244300 ms CreateObjectMapping: 0.126100 ms MarkObjects: 1.712900 ms  DeleteObjects: 0.016100 ms)

========================================================================
Received Import Request.
  Time since last request: 356.931382 seconds.
  path: Assets/Scenes/Menu.unity
  artifactKey: Guid(bb0737a09fdeef949a3f67ef70ebf35e) Importer(815301076,1909f56bfc062723c751e8b465ee728b)
Start importing Assets/Scenes/Menu.unity using Guid(bb0737a09fdeef949a3f67ef70ebf35e) Importer(815301076,1909f56bfc062723c751e8b465ee728b)  -> (artifact id: '54dcb5cbb43863720d8560ba4b858283') in 0.018666 seconds
  Import took 0.022564 seconds .

========================================================================
Received Prepare
Registering precompiled user dll's ...
Registered in 0.000878 seconds.
Begin MonoManager ReloadAssembly
Native extension for WindowsStandalone target not found
Refreshing native plugins compatible for Editor in 0.68 ms, found 1 plugins.
Preloading 0 native plugins for Editor in 0.00 ms.
Mono: successfully reloaded assembly
- Completed reload, in  0.902 seconds
Platform modules already initialized, skipping
Refreshing native plugins compatible for Editor in 0.49 ms, found 1 plugins.
Preloading 0 native plugins for Editor in 0.00 ms.
Unloading 2330 Unused Serialized files (Serialized files now loaded: 0)
System memory in use before: 105.0 MB.
System memory in use after: 105.2 MB.

Unloading 8 unused Assets to reduce memory usage. Loaded Objects now: 2819.
Total: 2.194900 ms (FindLiveObjects: 0.254900 ms CreateObjectMapping: 0.123800 ms MarkObjects: 1.796300 ms  DeleteObjects: 0.018700 ms)

========================================================================
Received Prepare
Registering precompiled user dll's ...
Registered in 0.001002 seconds.
Begin MonoManager ReloadAssembly
Native extension for WindowsStandalone target not found
Refreshing native plugins compatible for Editor in 0.46 ms, found 1 plugins.
Preloading 0 native plugins for Editor in 0.00 ms.
Mono: successfully reloaded assembly
- Completed reload, in  0.788 seconds
Platform modules already initialized, skipping
Refreshing native plugins compatible for Editor in 0.45 ms, found 1 plugins.
Preloading 0 native plugins for Editor in 0.00 ms.
Unloading 2330 Unused Serialized files (Serialized files now loaded: 0)
System memory in use before: 105.0 MB.
System memory in use after: 105.2 MB.

Unloading 8 unused Assets to reduce memory usage. Loaded Objects now: 2823.
Total: 1.862200 ms (FindLiveObjects: 0.205800 ms CreateObjectMapping: 0.098900 ms MarkObjects: 1.543800 ms  DeleteObjects: 0.012900 ms)

========================================================================
Received Import Request.
  Time since last request: 188.585007 seconds.
  path: Assets/Prefab/Skeleton.prefab
  artifactKey: Guid(3acd0ea3f68b18440a700bf5cbb07ef5) Importer(815301076,1909f56bfc062723c751e8b465ee728b)
Start importing Assets/Prefab/Skeleton.prefab using Guid(3acd0ea3f68b18440a700bf5cbb07ef5) Importer(815301076,1909f56bfc062723c751e8b465ee728b)  -> (artifact id: 'ac36aa9e6f32cfa3eef4b8260d16a610') in 0.104629 seconds
  Import took 0.108557 seconds .

========================================================================
Received Import Request.
  Time since last request: 0.004004 seconds.
  path: Assets/Prefab/Skeleton.prefab
  artifactKey: Guid(3acd0ea3f68b18440a700bf5cbb07ef5) Importer(815301076,1909f56bfc062723c751e8b465ee728b)
Start importing Assets/Prefab/Skeleton.prefab using Guid(3acd0ea3f68b18440a700bf5cbb07ef5) Importer(815301076,1909f56bfc062723c751e8b465ee728b)  -> (artifact id: 'ac36aa9e6f32cfa3eef4b8260d16a610') in 0.011780 seconds
  Import took 0.015433 seconds .

========================================================================
Received Import Request.
  Time since last request: 42.285813 seconds.
  path: Assets/Prefab/Dragon.prefab
  artifactKey: Guid(bbe1fa9789df0e1449c9b7957230fcf5) Importer(815301076,1909f56bfc062723c751e8b465ee728b)
Start importing Assets/Prefab/Dragon.prefab using Guid(bbe1fa9789df0e1449c9b7957230fcf5) Importer(815301076,1909f56bfc062723c751e8b465ee728b)  -> (artifact id: 'fe986fd5f87c3f81b6e17f7fa930034b') in 0.018963 seconds
  Import took 0.023055 seconds .

========================================================================
Received Prepare
Registering precompiled user dll's ...
Registered in 0.000935 seconds.
Begin MonoManager ReloadAssembly
Native extension for WindowsStandalone target not found
Refreshing native plugins compatible for Editor in 0.75 ms, found 1 plugins.
Preloading 0 native plugins for Editor in 0.00 ms.
Mono: successfully reloaded assembly
- Completed reload, in  0.779 seconds
Platform modules already initialized, skipping
Refreshing native plugins compatible for Editor in 0.45 ms, found 1 plugins.
Preloading 0 native plugins for Editor in 0.00 ms.
Unloading 2330 Unused Serialized files (Serialized files now loaded: 0)
System memory in use before: 107.9 MB.
System memory in use after: 108.2 MB.

Unloading 10 unused Assets to reduce memory usage. Loaded Objects now: 2834.
Total: 2.274400 ms (FindLiveObjects: 0.224600 ms CreateObjectMapping: 0.207400 ms MarkObjects: 1.809500 ms  DeleteObjects: 0.032200 ms)

========================================================================
Received Prepare
Registering precompiled user dll's ...
Registered in 0.000886 seconds.
Begin MonoManager ReloadAssembly
Native extension for WindowsStandalone target not found
Refreshing native plugins compatible for Editor in 0.47 ms, found 1 plugins.
Preloading 0 native plugins for Editor in 0.00 ms.
Mono: successfully reloaded assembly
- Completed reload, in  0.788 seconds
Platform modules already initialized, skipping
Refreshing native plugins compatible for Editor in 0.45 ms, found 1 plugins.
Preloading 0 native plugins for Editor in 0.00 ms.
Unloading 2330 Unused Serialized files (Serialized files now loaded: 0)
System memory in use before: 108.0 MB.
System memory in use after: 108.3 MB.

Unloading 8 unused Assets to reduce memory usage. Loaded Objects now: 2838.
Total: 2.300400 ms (FindLiveObjects: 0.240000 ms CreateObjectMapping: 0.117800 ms MarkObjects: 1.928400 ms  DeleteObjects: 0.013300 ms)

========================================================================
Received Prepare
Registering precompiled user dll's ...
Registered in 0.000928 seconds.
Begin MonoManager ReloadAssembly
Native extension for WindowsStandalone target not found
Refreshing native plugins compatible for Editor in 0.75 ms, found 1 plugins.
Preloading 0 native plugins for Editor in 0.00 ms.
Mono: successfully reloaded assembly
- Completed reload, in  0.780 seconds
Platform modules already initialized, skipping
Refreshing native plugins compatible for Editor in 0.48 ms, found 1 plugins.
Preloading 0 native plugins for Editor in 0.00 ms.
Unloading 2330 Unused Serialized files (Serialized files now loaded: 0)
System memory in use before: 108.0 MB.
System memory in use after: 108.3 MB.

Unloading 8 unused Assets to reduce memory usage. Loaded Objects now: 2842.
Total: 2.424600 ms (FindLiveObjects: 0.316600 ms CreateObjectMapping: 0.176100 ms MarkObjects: 1.915600 ms  DeleteObjects: 0.015500 ms)

========================================================================
Received Prepare
Registering precompiled user dll's ...
Registered in 0.001057 seconds.
Begin MonoManager ReloadAssembly
Native extension for WindowsStandalone target not found
Refreshing native plugins compatible for Editor in 0.56 ms, found 1 plugins.
Preloading 0 native plugins for Editor in 0.00 ms.
Mono: successfully reloaded assembly
- Completed reload, in  0.783 seconds
Platform modules already initialized, skipping
Refreshing native plugins compatible for Editor in 0.44 ms, found 1 plugins.
Preloading 0 native plugins for Editor in 0.00 ms.
Unloading 2330 Unused Serialized files (Serialized files now loaded: 0)
System memory in use before: 108.1 MB.
System memory in use after: 108.3 MB.

Unloading 8 unused Assets to reduce memory usage. Loaded Objects now: 2846.
Total: 1.859300 ms (FindLiveObjects: 0.212500 ms CreateObjectMapping: 0.107000 ms MarkObjects: 1.526200 ms  DeleteObjects: 0.012400 ms)

========================================================================
Received Import Request.
  Time since last request: 194.085105 seconds.
  path: Assets/Scenes/Level 2.unity
  artifactKey: Guid(f0a0b105896f4e541ae8fab5cbc3428a) Importer(815301076,1909f56bfc062723c751e8b465ee728b)
Start importing Assets/Scenes/Level 2.unity using Guid(f0a0b105896f4e541ae8fab5cbc3428a) Importer(815301076,1909f56bfc062723c751e8b465ee728b)  -> (artifact id: 'd5429e8db3c6adb4f41861d25b790ec2') in 0.018995 seconds
  Import took 0.023081 seconds .

========================================================================
Received Prepare
Registering precompiled user dll's ...
Registered in 0.000862 seconds.
Begin MonoManager ReloadAssembly
Native extension for WindowsStandalone target not found
Refreshing native plugins compatible for Editor in 0.42 ms, found 1 plugins.
Preloading 0 native plugins for Editor in 0.00 ms.
Mono: successfully reloaded assembly
- Completed reload, in  0.798 seconds
Platform modules already initialized, skipping
Refreshing native plugins compatible for Editor in 0.76 ms, found 1 plugins.
Preloading 0 native plugins for Editor in 0.00 ms.
Unloading 2330 Unused Serialized files (Serialized files now loaded: 0)
System memory in use before: 108.1 MB.
System memory in use after: 108.3 MB.

Unloading 8 unused Assets to reduce memory usage. Loaded Objects now: 2850.
Total: 2.086700 ms (FindLiveObjects: 0.218200 ms CreateObjectMapping: 0.106600 ms MarkObjects: 1.748900 ms  DeleteObjects: 0.011800 ms)

========================================================================
Received Prepare
Registering precompiled user dll's ...
Registered in 0.000934 seconds.
Begin MonoManager ReloadAssembly
Native extension for WindowsStandalone target not found
Refreshing native plugins compatible for Editor in 0.68 ms, found 1 plugins.
Preloading 0 native plugins for Editor in 0.00 ms.
Mono: successfully reloaded assembly
- Completed reload, in  0.776 seconds
Platform modules already initialized, skipping
Refreshing native plugins compatible for Editor in 0.54 ms, found 1 plugins.
Preloading 0 native plugins for Editor in 0.00 ms.
Unloading 2330 Unused Serialized files (Serialized files now loaded: 0)
System memory in use before: 108.0 MB.
System memory in use after: 108.2 MB.

Unloading 8 unused Assets to reduce memory usage. Loaded Objects now: 2854.
Total: 2.168900 ms (FindLiveObjects: 0.218000 ms CreateObjectMapping: 0.142900 ms MarkObjects: 1.795000 ms  DeleteObjects: 0.012200 ms)

========================================================================
Received Prepare
Registering precompiled user dll's ...
Registered in 0.000909 seconds.
Begin MonoManager ReloadAssembly
Native extension for WindowsStandalone target not found
Refreshing native plugins compatible for Editor in 0.75 ms, found 1 plugins.
Preloading 0 native plugins for Editor in 0.00 ms.
Mono: successfully reloaded assembly
- Completed reload, in  0.813 seconds
Platform modules already initialized, skipping
Refreshing native plugins compatible for Editor in 0.63 ms, found 1 plugins.
Preloading 0 native plugins for Editor in 0.00 ms.
Unloading 2330 Unused Serialized files (Serialized files now loaded: 0)
System memory in use before: 108.1 MB.
System memory in use after: 108.3 MB.

Unloading 8 unused Assets to reduce memory usage. Loaded Objects now: 2858.
Total: 1.981100 ms (FindLiveObjects: 0.215900 ms CreateObjectMapping: 0.101700 ms MarkObjects: 1.642300 ms  DeleteObjects: 0.020000 ms)

========================================================================
Received Prepare
Registering precompiled user dll's ...
Registered in 0.000946 seconds.
Begin MonoManager ReloadAssembly
Native extension for WindowsStandalone target not found
Refreshing native plugins compatible for Editor in 0.45 ms, found 1 plugins.
Preloading 0 native plugins for Editor in 0.00 ms.
Mono: successfully reloaded assembly
- Completed reload, in  0.768 seconds
Platform modules already initialized, skipping
Refreshing native plugins compatible for Editor in 0.46 ms, found 1 plugins.
Preloading 0 native plugins for Editor in 0.00 ms.
Unloading 2330 Unused Serialized files (Serialized files now loaded: 0)
System memory in use before: 108.1 MB.
System memory in use after: 108.3 MB.

Unloading 8 unused Assets to reduce memory usage. Loaded Objects now: 2862.
Total: 1.877700 ms (FindLiveObjects: 0.242500 ms CreateObjectMapping: 0.112700 ms MarkObjects: 1.510200 ms  DeleteObjects: 0.011400 ms)

========================================================================
Received Prepare
Registering precompiled user dll's ...
Registered in 0.001125 seconds.
Begin MonoManager ReloadAssembly
Native extension for WindowsStandalone target not found
Refreshing native plugins compatible for Editor in 0.44 ms, found 1 plugins.
Preloading 0 native plugins for Editor in 0.00 ms.
Mono: successfully reloaded assembly
- Completed reload, in  0.786 seconds
Platform modules already initialized, skipping
Refreshing native plugins compatible for Editor in 0.45 ms, found 1 plugins.
Preloading 0 native plugins for Editor in 0.00 ms.
Unloading 2330 Unused Serialized files (Serialized files now loaded: 0)
System memory in use before: 108.1 MB.
System memory in use after: 108.3 MB.

Unloading 8 unused Assets to reduce memory usage. Loaded Objects now: 2866.
Total: 1.973700 ms (FindLiveObjects: 0.220300 ms CreateObjectMapping: 0.101600 ms MarkObjects: 1.617700 ms  DeleteObjects: 0.033100 ms)

========================================================================
Received Import Request.
  Time since last request: 102.307656 seconds.
  path: Assets/Scenes/Level 1.unity
  artifactKey: Guid(d3fed75d0346ca449afde3dafc8a663c) Importer(815301076,1909f56bfc062723c751e8b465ee728b)
Start importing Assets/Scenes/Level 1.unity using Guid(d3fed75d0346ca449afde3dafc8a663c) Importer(815301076,1909f56bfc062723c751e8b465ee728b)  -> (artifact id: '9f6a003c971b31c86d1cca89960846f5') in 0.018247 seconds
  Import took 0.022127 seconds .

========================================================================
Received Prepare
Registering precompiled user dll's ...
Registered in 0.000914 seconds.
Begin MonoManager ReloadAssembly
Native extension for WindowsStandalone target not found
Refreshing native plugins compatible for Editor in 0.44 ms, found 1 plugins.
Preloading 0 native plugins for Editor in 0.00 ms.
Mono: successfully reloaded assembly
- Completed reload, in  0.767 seconds
Platform modules already initialized, skipping
Refreshing native plugins compatible for Editor in 0.45 ms, found 1 plugins.
Preloading 0 native plugins for Editor in 0.00 ms.
Unloading 2330 Unused Serialized files (Serialized files now loaded: 0)
System memory in use before: 108.1 MB.
System memory in use after: 108.3 MB.

Unloading 8 unused Assets to reduce memory usage. Loaded Objects now: 2870.
Total: 2.250100 ms (FindLiveObjects: 0.278800 ms CreateObjectMapping: 0.222700 ms MarkObjects: 1.734300 ms  DeleteObjects: 0.013400 ms)

========================================================================
Received Prepare
Registering precompiled user dll's ...
Registered in 0.001106 seconds.
Begin MonoManager ReloadAssembly
Native extension for WindowsStandalone target not found
Refreshing native plugins compatible for Editor in 0.42 ms, found 1 plugins.
Preloading 0 native plugins for Editor in 0.00 ms.
Mono: successfully reloaded assembly
- Completed reload, in  0.756 seconds
Platform modules already initialized, skipping
Refreshing native plugins compatible for Editor in 0.43 ms, found 1 plugins.
Preloading 0 native plugins for Editor in 0.00 ms.
Unloading 2330 Unused Serialized files (Serialized files now loaded: 0)
System memory in use before: 108.0 MB.
System memory in use after: 108.3 MB.

Unloading 8 unused Assets to reduce memory usage. Loaded Objects now: 2874.
Total: 1.881300 ms (FindLiveObjects: 0.216000 ms CreateObjectMapping: 0.111800 ms MarkObjects: 1.540400 ms  DeleteObjects: 0.012200 ms)

AssetImportWorkerClient::OnTransportError - code=2 error=End of file
